\BOOKMARK [0][-]{section*.3}{\376\377\000D\000e\000c\000l\000a\000r\000a\000t\000i\000o\000n\000\040\000o\000f\000\040\000A\000u\000t\000h\000o\000r\000s\000h\000i\000p}{}% 1
\BOOKMARK [0][-]{section*.4}{\376\377\000R\000\351\000s\000u\000m\000\351}{}% 2
\BOOKMARK [0][-]{section*.5}{\376\377\000A\000c\000k\000n\000o\000w\000l\000e\000d\000g\000e\000m\000e\000n\000t\000s}{}% 3
\BOOKMARK [0][-]{chapter.16}{\376\377\000C\000o\000n\000t\000e\000x\000t\000e\000\040\000d\000u\000\040\000s\000t\000a\000g\000e}{}% 4
\BOOKMARK [1][-]{section.17}{\376\377\000P\000r\000\351\000s\000e\000n\000t\000a\000t\000i\000o\000n\000\040\000d\000e\000\040\000G\000i\000g\000a\000m\000e\000s}{chapter.16}% 5
\BOOKMARK [1][-]{section.18}{\376\377\000L\040\031\000o\000r\000g\000a\000n\000i\000g\000r\000a\000m\000m\000e\000\040\000d\000e\000\040\000G\000i\000g\000a\000m\000e\000s\000:}{chapter.16}% 6
\BOOKMARK [1][-]{section.19}{\376\377\000L\000o\000c\000a\000l\000i\000s\000a\000t\000i\000o\000n\000\040\000d\000e\000\040\000G\000i\000g\000a\000m\000e\000s\000:}{chapter.16}% 7
\BOOKMARK [1][-]{section.20}{\376\377\000D\000o\000m\000a\000i\000n\000e\000\040\000d\040\031\000a\000c\000t\000i\000v\000i\000t\000\351\000\040\000d\000e\000\040\000G\000i\000g\000a\000m\000e\000s\000h}{chapter.16}% 8
\BOOKMARK [2][-]{subsection.21}{\376\377\000A\000s\000s\000u\000r\000a\000n\000c\000e\000\040\000e\000m\000p\000r\000u\000n\000t\000e\000u\000r}{section.20}% 9
\BOOKMARK [2][-]{subsection.22}{\376\377\000A\000s\000s\000u\000r\000l\000y}{section.20}% 10
\BOOKMARK [1][-]{section.28}{\376\377\000O\000b\000j\000e\000c\000t\000i\000f\000\040\000d\000u\000\040\000s\000t\000a\000g\000e}{chapter.16}% 11
\BOOKMARK [0][-]{chapter.29}{\376\377\000E\000t\000a\000t\000\040\000d\000e\000\040\000l\040\031\000a\000r\000t}{}% 12
\BOOKMARK [1][-]{section.30}{\376\377\000L\000e\000s\000\040\000A\000P\000I\000s\000\050\000A\000p\000p\000l\000i\000c\000a\000t\000i\000o\000n\000\040\000p\000r\000o\000g\000r\000a\000m\000m\000i\000n\000g\000\040\000i\000n\000t\000e\000r\000f\000a\000c\000e\000\051}{chapter.29}% 13
\BOOKMARK [2][-]{subsection.31}{\376\377\000O\000b\000j\000e\000c\000t\000i\000f\000\040\000d\040\031\000u\000n\000e\000\040\000A\000P\000I}{section.30}% 14
\BOOKMARK [2][-]{subsection.32}{\376\377\000A\000n\000a\000l\000o\000g\000i\000e\000\040\000d\040\031\000u\000n\000e\000\040\000A\000P\000I\000\040\000a\000v\000e\000c\000\040\000l\000a\000\040\000v\000i\000e\000\040\000c\000o\000u\000r\000a\000n\000t\000e}{section.30}% 15
\BOOKMARK [1][-]{section.33}{\376\377\000L\000e\000\040\000m\000o\000d\000\350\000l\000e\000\040\000o\000u\000\040\000l\000'\000a\000r\000c\000h\000i\000t\000e\000c\000t\000u\000r\000e\000\040\000R\000e\000s\000t}{chapter.29}% 16
\BOOKMARK [2][-]{subsection.34}{\376\377\000L\000e\000s\000\040\000p\000r\000i\000n\000c\000i\000p\000e\000s\000\040\000d\000e\000\040\000l\040\031\000a\000r\000c\000h\000i\000t\000e\000c\000t\000u\000r\000e\000\040\000R\000E\000S\000T}{section.33}% 17
\BOOKMARK [1][-]{section.41}{\376\377\000L\040\031\000a\000r\000c\000h\000i\000t\000e\000c\000t\000u\000r\000e\000\040\000s\000e\000r\000v\000e\000r\000l\000e\000s\000s}{chapter.29}% 18
\BOOKMARK [1][-]{section.42}{\376\377\000L\000e\000\040\000p\000r\000o\000t\000o\000c\000o\000l\000e\000\040\000O\000A\000u\000t\000h\0002\000\040\000e\000t\000\040\000l\000a\000\040\000d\000\351\000l\000\351\000g\000a\000t\000i\000o\000n\000\040\000d\040\031\000a\000u\000t\000o\000r\000i\000s\000a\000t\000i\000o\000n}{chapter.29}% 19
\BOOKMARK [2][-]{subsection.43}{\376\377\000E\000x\000e\000m\000p\000l\000e\000\040\000d\040\031\000i\000m\000p\000l\000\351\000m\000e\000n\000t\000a\000t\000i\000o\000n\000\040\000d\000u\000\040\000p\000r\000o\000t\000o\000c\000o\000l\000e\000\040\000O\000a\000u\000t\000h\0002}{section.42}% 20
\BOOKMARK [2][-]{subsection.44}{\376\377\000L\000e\000\040\000v\000o\000c\000a\000b\000u\000l\000a\000i\000r\000e\000\040\000d\000u\000\040\000p\000r\000o\000t\000o\000c\000o\000l\000e\000\040\000O\000a\000u\000t\000h\0002}{section.42}% 21
\BOOKMARK [1][-]{section.45}{\376\377\000I\000n\000t\000\351\000g\000r\000a\000t\000i\000o\000n\000\040\000d\000e\000\040\000d\000o\000n\000n\000\351\000e\000s}{chapter.29}% 22
\BOOKMARK [2][-]{subsection.46}{\376\377\000L\000e\000s\000\040\000a\000v\000a\000n\000t\000a\000g\000e\000s}{section.45}% 23
\BOOKMARK [2][-]{subsection.47}{\376\377\000O\000p\000\351\000r\000a\000t\000i\000o\000n\000s\000\040\000E\000T\000L\000\040\000e\000t\000\040\000i\000n\000t\000\351\000g\000r\000a\000t\000i\000o\000n\000\040\000d\000e\000s\000\040\000d\000o\000n\000n\000\351\000e\000s}{section.45}% 24
\BOOKMARK [1][-]{section.48}{\376\377\000C\000o\000n\000t\000a\000i\000n\000e\000r\000i\000s\000a\000t\000i\000o\000n}{chapter.29}% 25
\BOOKMARK [2][-]{subsection.49}{\376\377\000A\000v\000a\000n\000t\000a\000g\000e\000s}{section.48}% 26
\BOOKMARK [2][-]{subsection.50}{\376\377\000E\000x\000e\000m\000p\000l\000e\000\040\000d\000e\000s\000\040\000s\000y\000s\000t\000\350\000m\000e\000s\000\040\000d\000e\000\040\000c\000o\000n\000t\000e\000n\000e\000u\000r\000i\000s\000a\000t\000i\000o\000n}{section.48}% 27
\BOOKMARK [0][-]{chapter.51}{\376\377\000O\000u\000t\000i\000l\000s\000\040\000e\000t\000\040\000t\000e\000c\000h\000n\000o\000l\000o\000g\000i\000e\000s\000\040\000u\000t\000i\000l\000i\000s\000\351\000s}{}% 28
\BOOKMARK [1][-]{section.52}{\376\377\000A\000m\000a\000z\000o\000n\000\040\000L\000a\000m\000b\000d\000a}{chapter.51}% 29
\BOOKMARK [2][-]{subsection.53}{\376\377\000A\000v\000a\000n\000t\000a\000g\000e\000s}{section.52}% 30
\BOOKMARK [1][-]{section.54}{\376\377\000D\000o\000c\000k\000e\000r}{chapter.51}% 31
\BOOKMARK [1][-]{section.55}{\376\377\000L\000A\000m\000p\000l\000i\000f\000y}{chapter.51}% 32
\BOOKMARK [2][-]{subsection.56}{\376\377\000F\000o\000n\000c\000t\000i\000o\000n\000n\000e\000m\000e\000n\000t\000s}{section.55}% 33
\BOOKMARK [3][-]{section*.57}{\376\377\000D\000e\000v\000e\000l\000o\000p\000p\000e\000m\000e\000n\000t}{subsection.56}% 34
\BOOKMARK [3][-]{section*.58}{\376\377\000H\000e\000b\000e\000r\000g\000e\000m\000e\000n\000t}{subsection.56}% 35
\BOOKMARK [1][-]{section.59}{\376\377\000A\000m\000a\000z\000o\000n\000\040\000S\000i\000m\000p\000l\000e\000\040\000S\000t\000o\000r\000a\000g\000e\000\040\000S\000e\000r\000v\000i\000c\000e\000\040\000\050\000A\000m\000a\000z\000o\000n\000\040\000S\0003\000\051}{chapter.51}% 36
\BOOKMARK [1][-]{section.60}{\376\377\000A\000w\000s\000\040\000A\000u\000r\000o\000r\000a}{chapter.51}% 37
\BOOKMARK [2][-]{subsection.61}{\376\377\000A\000m\000a\000z\000o\000n\000\040\000C\000o\000g\000n\000i\000t\000o}{section.60}% 38
\BOOKMARK [2][-]{subsection.62}{\376\377\000F\000o\000n\000c\000t\000i\000o\000n\000n\000a\000l\000i\000t\000\351\000s}{section.60}% 39
\BOOKMARK [3][-]{section*.63}{\376\377\000R\000\351\000p\000e\000r\000t\000o\000i\000r\000e\000\040\000d\040\031\000u\000t\000i\000l\000i\000s\000a\000t\000e\000u\000r\000s\000\040\000s\000\351\000c\000u\000r\000i\000t\000a\000i\000r\000e\000\040\000e\000t\000\040\000s\000e\000\040\000m\000e\000t\000t\000a\000n\000t\000\040\000\340\000\040\000l\040\031\000\351\000c\000h\000e\000l\000l\000e}{subsection.62}% 40
\BOOKMARK [3][-]{section*.64}{\376\377\000F\000\351\000d\000\351\000r\000a\000t\000i\000o\000n\000\040\000d\040\031\000i\000d\000e\000n\000t\000i\000t\000\351\000\040\000s\000o\000c\000i\000a\000l\000e\000\040\000e\000t\000\040\000d\040\031\000e\000n\000t\000r\000e\000p\000r\000i\000s\000e}{subsection.62}% 41
\BOOKMARK [3][-]{section*.65}{\376\377\000A\000u\000t\000h\000e\000n\000t\000i\000f\000i\000c\000a\000t\000i\000o\000n\000\040\000b\000a\000s\000\351\000e\000\040\000s\000u\000r\000\040\000l\000e\000s\000\040\000s\000t\000a\000n\000d\000a\000r\000d\000s}{subsection.62}% 42
\BOOKMARK [3][-]{section*.66}{\376\377\000S\000\351\000c\000u\000r\000i\000t\000\351\000\040\000p\000o\000u\000r\000\040\000v\000o\000s\000\040\000a\000p\000p\000l\000i\000c\000a\000t\000i\000o\000n\000s\000\040\000e\000t\000\040\000v\000o\000s\000\040\000u\000t\000i\000l\000i\000s\000a\000t\000e\000u\000r\000s}{subsection.62}% 43
\BOOKMARK [3][-]{section*.67}{\376\377\000C\000o\000n\000t\000r\000\364\000l\000e\000\040\000d\040\031\000a\000c\000c\000\350\000s\000\040\000p\000o\000u\000r\000\040\000l\000e\000s\000\040\000r\000e\000s\000s\000o\000u\000r\000c\000e\000s\000\040\000A\000W\000S}{subsection.62}% 44
\BOOKMARK [3][-]{section*.68}{\376\377\000I\000n\000t\000\351\000g\000r\000a\000t\000i\000o\000n\000\040\000f\000a\000c\000i\000l\000e\000\040\000a\000v\000e\000c\000\040\000v\000o\000t\000r\000e\000\040\000a\000p\000p\000l\000i\000c\000a\000t\000i\000o\000n}{subsection.62}% 45
\BOOKMARK [1][-]{section.69}{\376\377\000A\000P\000I\000\040\000G\000a\000t\000e\000w\000a\000y}{chapter.51}% 46
\BOOKMARK [1][-]{section.70}{\376\377\000A\000m\000a\000z\000o\000n\000\040\000D\000y\000n\000a\000m\000o\000d\000b}{chapter.51}% 47
\BOOKMARK [1][-]{section.71}{\376\377\000C\000l\000o\000u\000d\000W\000a\000t\000c\000h}{chapter.51}% 48
\BOOKMARK [1][-]{section.72}{\376\377\000R\000e\000f\000l\000e\000x}{chapter.51}% 49
\BOOKMARK [0][-]{chapter.73}{\376\377\000A\000p\000p\000r\000o\000c\000h\000e\000\040\000s\000u\000i\000v\000i\000e\000\040\000e\000t\000\040\000s\000o\000l\000u\000t\000i\000o\000n\000\040\000p\000r\000o\000p\000o\000s\000\351\000e}{}% 50
\BOOKMARK [1][-]{section.74}{\376\377\000M\000\351\000t\000h\000o\000d\000o\000l\000o\000g\000i\000e\000\040\000d\000e\000\040\000t\000r\000a\000v\000a\000i\000l\000:\000\040\000S\000c\000r\000u\000m\000\040\000a\000v\000e\000c\000\040\000A\000g\000i\000l\000e}{chapter.73}% 51
\BOOKMARK [1][-]{section.75}{\376\377\000L\000e\000s\000\040\000d\000i\000f\000f\000\351\000r\000e\000n\000t\000e\000s\000\040\000m\000i\000s\000s\000i\000o\000n\000s\000\040\000e\000t\000\040\000s\000o\000l\000u\000t\000i\000o\000n\000s}{chapter.73}% 52
\BOOKMARK [2][-]{subsection.76}{\376\377\000M\000i\000s\000s\000i\000o\000n\000\040\0001}{section.75}% 53
\BOOKMARK [3][-]{section*.77}{\376\377\000S\000o\000l\000u\000t\000i\000o\000n\000s}{subsection.76}% 54
\BOOKMARK [2][-]{subsection.80}{\376\377\000M\000i\000s\000s\000i\000o\000n\000\040\0002}{section.75}% 55
\BOOKMARK [3][-]{section*.81}{\376\377\000S\000o\000l\000u\000t\000i\000o\000n\000s}{subsection.80}% 56
\BOOKMARK [2][-]{subsection.82}{\376\377\000M\000i\000s\000s\000i\000o\000n\000\040\0003}{section.75}% 57
\BOOKMARK [2][-]{subsection.83}{\376\377\000M\000i\000s\000s\000i\000o\000n\000\040\0004}{section.75}% 58
\BOOKMARK [0][-]{appendix.84}{\376\377\000F\000r\000e\000q\000u\000e\000n\000t\000l\000y\000\040\000A\000s\000k\000e\000d\000\040\000Q\000u\000e\000s\000t\000i\000o\000n\000s}{}% 59
\BOOKMARK [1][-]{section.85}{\376\377\000H\000o\000w\000\040\000d\000o\000\040\000I\000\040\000c\000h\000a\000n\000g\000e\000\040\000t\000h\000e\000\040\000c\000o\000l\000o\000r\000s\000\040\000o\000f\000\040\000l\000i\000n\000k\000s\000?}{appendix.84}% 60
\BOOKMARK [0][-]{appendix*.86}{\376\377\000B\000i\000b\000l\000i\000o\000g\000r\000a\000p\000h\000i\000e}{}% 61
